{"/Users/shantaliahfilipo/devacademy/workspace/group-projects/FoodSpy/server/server.js": {"path":"/Users/shantaliahfilipo/devacademy/workspace/group-projects/FoodSpy/server/server.js","statementMap":{"0":{"start":{"line":1,"column":16},"end":{"line":1,"column":34}},"1":{"start":{"line":2,"column":13},"end":{"line":2,"column":28}},"2":{"start":{"line":4,"column":19},"end":{"line":4,"column":43}},"3":{"start":{"line":5,"column":19},"end":{"line":5,"column":43}},"4":{"start":{"line":6,"column":20},"end":{"line":6,"column":45}},"5":{"start":{"line":7,"column":14},"end":{"line":7,"column":38}},"6":{"start":{"line":8,"column":17},"end":{"line":8,"column":45}},"7":{"start":{"line":10,"column":15},"end":{"line":10,"column":24}},"8":{"start":{"line":12,"column":0},"end":{"line":12,"column":26}},"9":{"start":{"line":13,"column":0},"end":{"line":13,"column":58}},"10":{"start":{"line":15,"column":0},"end":{"line":15,"column":38}},"11":{"start":{"line":16,"column":0},"end":{"line":16,"column":38}},"12":{"start":{"line":17,"column":0},"end":{"line":17,"column":40}},"13":{"start":{"line":18,"column":0},"end":{"line":18,"column":34}},"14":{"start":{"line":19,"column":0},"end":{"line":19,"column":41}},"15":{"start":{"line":21,"column":0},"end":{"line":23,"column":2}},"16":{"start":{"line":22,"column":2},"end":{"line":22,"column":56}},"17":{"start":{"line":25,"column":0},"end":{"line":25,"column":23}}},"fnMap":{"0":{"name":"(anonymous_0)","decl":{"start":{"line":21,"column":16},"end":{"line":21,"column":17}},"loc":{"start":{"line":21,"column":30},"end":{"line":23,"column":1}},"line":21}},"branchMap":{},"s":{"0":1,"1":1,"2":1,"3":1,"4":1,"5":1,"6":1,"7":1,"8":1,"9":1,"10":1,"11":1,"12":1,"13":1,"14":1,"15":1,"16":0,"17":1},"f":{"0":0},"b":{},"_coverageSchema":"1a1c01bbd47fc00a2c39e90264f33305004495a9","hash":"272ed2725b11fa946b106ef5d8719dedda144587"}
,"/Users/shantaliahfilipo/devacademy/workspace/group-projects/FoodSpy/server/db/connection.js": {"path":"/Users/shantaliahfilipo/devacademy/workspace/group-projects/FoodSpy/server/db/connection.js","statementMap":{"0":{"start":{"line":1,"column":13},"end":{"line":1,"column":28}},"1":{"start":{"line":2,"column":15},"end":{"line":2,"column":36}},"2":{"start":{"line":3,"column":12},"end":{"line":3,"column":49}},"3":{"start":{"line":4,"column":19},"end":{"line":4,"column":36}},"4":{"start":{"line":6,"column":0},"end":{"line":6,"column":27}}},"fnMap":{},"branchMap":{"0":{"loc":{"start":{"line":3,"column":12},"end":{"line":3,"column":49}},"type":"binary-expr","locations":[{"start":{"line":3,"column":12},"end":{"line":3,"column":32}},{"start":{"line":3,"column":36},"end":{"line":3,"column":49}}],"line":3}},"s":{"0":1,"1":1,"2":1,"3":1,"4":1},"f":{},"b":{"0":[1,0]},"_coverageSchema":"1a1c01bbd47fc00a2c39e90264f33305004495a9","hash":"e5baf90b32e330de33232fb60dc60806115a934f"}
,"/Users/shantaliahfilipo/devacademy/workspace/group-projects/FoodSpy/server/db/home.js": {"path":"/Users/shantaliahfilipo/devacademy/workspace/group-projects/FoodSpy/server/db/home.js","statementMap":{"0":{"start":{"line":1,"column":19},"end":{"line":1,"column":42}},"1":{"start":{"line":4,"column":2},"end":{"line":4,"column":29}},"2":{"start":{"line":7,"column":0},"end":{"line":9,"column":1}}},"fnMap":{"0":{"name":"getHomeContent","decl":{"start":{"line":3,"column":9},"end":{"line":3,"column":23}},"loc":{"start":{"line":3,"column":41},"end":{"line":5,"column":1}},"line":3}},"branchMap":{"0":{"loc":{"start":{"line":3,"column":24},"end":{"line":3,"column":39}},"type":"default-arg","locations":[{"start":{"line":3,"column":29},"end":{"line":3,"column":39}}],"line":3}},"s":{"0":1,"1":0,"2":1},"f":{"0":0},"b":{"0":[0]},"_coverageSchema":"1a1c01bbd47fc00a2c39e90264f33305004495a9","hash":"cab5e01fe21552ea8d586097ec89bbaf4c91a1a0"}
,"/Users/shantaliahfilipo/devacademy/workspace/group-projects/FoodSpy/server/db/item.js": {"path":"/Users/shantaliahfilipo/devacademy/workspace/group-projects/FoodSpy/server/db/item.js","statementMap":{"0":{"start":{"line":2,"column":15},"end":{"line":2,"column":48}},"1":{"start":{"line":3,"column":19},"end":{"line":3,"column":42}},"2":{"start":{"line":5,"column":0},"end":{"line":9,"column":1}},"3":{"start":{"line":12,"column":2},"end":{"line":12,"column":29}},"4":{"start":{"line":16,"column":2},"end":{"line":16,"column":51}},"5":{"start":{"line":20,"column":2},"end":{"line":20,"column":69}}},"fnMap":{"0":{"name":"getItems","decl":{"start":{"line":11,"column":9},"end":{"line":11,"column":17}},"loc":{"start":{"line":11,"column":35},"end":{"line":13,"column":1}},"line":11},"1":{"name":"getItem","decl":{"start":{"line":15,"column":9},"end":{"line":15,"column":16}},"loc":{"start":{"line":15,"column":38},"end":{"line":17,"column":1}},"line":15},"2":{"name":"updatePrice","decl":{"start":{"line":19,"column":9},"end":{"line":19,"column":20}},"loc":{"start":{"line":19,"column":52},"end":{"line":21,"column":1}},"line":19}},"branchMap":{"0":{"loc":{"start":{"line":11,"column":18},"end":{"line":11,"column":33}},"type":"default-arg","locations":[{"start":{"line":11,"column":23},"end":{"line":11,"column":33}}],"line":11},"1":{"loc":{"start":{"line":15,"column":21},"end":{"line":15,"column":36}},"type":"default-arg","locations":[{"start":{"line":15,"column":26},"end":{"line":15,"column":36}}],"line":15},"2":{"loc":{"start":{"line":19,"column":35},"end":{"line":19,"column":50}},"type":"default-arg","locations":[{"start":{"line":19,"column":40},"end":{"line":19,"column":50}}],"line":19}},"s":{"0":2,"1":2,"2":2,"3":1,"4":0,"5":0},"f":{"0":1,"1":0,"2":0},"b":{"0":[0],"1":[0],"2":[0]},"_coverageSchema":"1a1c01bbd47fc00a2c39e90264f33305004495a9","hash":"c53e9bac6d50fdad91e45451f0c0181ad3c95c2a"}
,"/Users/shantaliahfilipo/devacademy/workspace/group-projects/FoodSpy/server/db/itemData.js": {"path":"/Users/shantaliahfilipo/devacademy/workspace/group-projects/FoodSpy/server/db/itemData.js","statementMap":{"0":{"start":{"line":2,"column":15},"end":{"line":2,"column":48}},"1":{"start":{"line":3,"column":19},"end":{"line":3,"column":42}},"2":{"start":{"line":5,"column":0},"end":{"line":7,"column":1}},"3":{"start":{"line":10,"column":2},"end":{"line":14,"column":30}}},"fnMap":{"0":{"name":"getItemData","decl":{"start":{"line":9,"column":9},"end":{"line":9,"column":20}},"loc":{"start":{"line":9,"column":42},"end":{"line":15,"column":1}},"line":9}},"branchMap":{"0":{"loc":{"start":{"line":9,"column":25},"end":{"line":9,"column":40}},"type":"default-arg","locations":[{"start":{"line":9,"column":30},"end":{"line":9,"column":40}}],"line":9}},"s":{"0":1,"1":1,"2":1,"3":0},"f":{"0":0},"b":{"0":[0]},"_coverageSchema":"1a1c01bbd47fc00a2c39e90264f33305004495a9","hash":"0598e6cf79e2e80883760a7f6758e86b30bcaeb5"}
,"/Users/shantaliahfilipo/devacademy/workspace/group-projects/FoodSpy/server/db/knexfile.js": {"path":"/Users/shantaliahfilipo/devacademy/workspace/group-projects/FoodSpy/server/db/knexfile.js","statementMap":{"0":{"start":{"line":1,"column":13},"end":{"line":1,"column":28}},"1":{"start":{"line":3,"column":0},"end":{"line":37,"column":1}}},"fnMap":{},"branchMap":{},"s":{"0":3,"1":3},"f":{},"b":{},"_coverageSchema":"1a1c01bbd47fc00a2c39e90264f33305004495a9","hash":"487e43acf777ce3651301434ccbe34a01cb7cd43"}
,"/Users/shantaliahfilipo/devacademy/workspace/group-projects/FoodSpy/server/db/list.js": {"path":"/Users/shantaliahfilipo/devacademy/workspace/group-projects/FoodSpy/server/db/list.js","statementMap":{"0":{"start":{"line":1,"column":19},"end":{"line":1,"column":42}},"1":{"start":{"line":4,"column":2},"end":{"line":4,"column":29}},"2":{"start":{"line":7,"column":0},"end":{"line":7,"column":29}}},"fnMap":{"0":{"name":"getItems","decl":{"start":{"line":3,"column":9},"end":{"line":3,"column":17}},"loc":{"start":{"line":3,"column":35},"end":{"line":5,"column":1}},"line":3}},"branchMap":{"0":{"loc":{"start":{"line":3,"column":18},"end":{"line":3,"column":33}},"type":"default-arg","locations":[{"start":{"line":3,"column":23},"end":{"line":3,"column":33}}],"line":3}},"s":{"0":1,"1":0,"2":1},"f":{"0":0},"b":{"0":[0]},"_coverageSchema":"1a1c01bbd47fc00a2c39e90264f33305004495a9","hash":"baa541621720bccf6a238159b8f623ec90872142"}
,"/Users/shantaliahfilipo/devacademy/workspace/group-projects/FoodSpy/server/db/price.js": {"path":"/Users/shantaliahfilipo/devacademy/workspace/group-projects/FoodSpy/server/db/price.js","statementMap":{"0":{"start":{"line":1,"column":19},"end":{"line":1,"column":42}},"1":{"start":{"line":4,"column":2},"end":{"line":8,"column":13}},"2":{"start":{"line":11,"column":0},"end":{"line":11,"column":36}}},"fnMap":{"0":{"name":"getDataByItemId","decl":{"start":{"line":3,"column":9},"end":{"line":3,"column":24}},"loc":{"start":{"line":3,"column":50},"end":{"line":9,"column":1}},"line":3}},"branchMap":{"0":{"loc":{"start":{"line":3,"column":33},"end":{"line":3,"column":48}},"type":"default-arg","locations":[{"start":{"line":3,"column":38},"end":{"line":3,"column":48}}],"line":3}},"s":{"0":1,"1":0,"2":1},"f":{"0":0},"b":{"0":[0]},"_coverageSchema":"1a1c01bbd47fc00a2c39e90264f33305004495a9","hash":"86c06b4cf51f5e70469f905fd7787ef79090f745"}
,"/Users/shantaliahfilipo/devacademy/workspace/group-projects/FoodSpy/server/db/migrations/20220921042339_stores.js": {"path":"/Users/shantaliahfilipo/devacademy/workspace/group-projects/FoodSpy/server/db/migrations/20220921042339_stores.js","statementMap":{"0":{"start":{"line":5,"column":0},"end":{"line":14,"column":1}},"1":{"start":{"line":6,"column":2},"end":{"line":13,"column":4}},"2":{"start":{"line":7,"column":4},"end":{"line":7,"column":36}},"3":{"start":{"line":8,"column":4},"end":{"line":8,"column":24}},"4":{"start":{"line":9,"column":4},"end":{"line":9,"column":28}},"5":{"start":{"line":10,"column":4},"end":{"line":10,"column":30}},"6":{"start":{"line":11,"column":4},"end":{"line":11,"column":29}},"7":{"start":{"line":12,"column":4},"end":{"line":12,"column":23}},"8":{"start":{"line":20,"column":0},"end":{"line":22,"column":1}},"9":{"start":{"line":21,"column":2},"end":{"line":21,"column":40}}},"fnMap":{"0":{"name":"(anonymous_0)","decl":{"start":{"line":5,"column":13},"end":{"line":5,"column":14}},"loc":{"start":{"line":5,"column":29},"end":{"line":14,"column":1}},"line":5},"1":{"name":"(anonymous_1)","decl":{"start":{"line":6,"column":43},"end":{"line":6,"column":44}},"loc":{"start":{"line":6,"column":54},"end":{"line":13,"column":3}},"line":6},"2":{"name":"(anonymous_2)","decl":{"start":{"line":20,"column":15},"end":{"line":20,"column":16}},"loc":{"start":{"line":20,"column":31},"end":{"line":22,"column":1}},"line":20}},"branchMap":{},"s":{"0":1,"1":1,"2":1,"3":1,"4":1,"5":1,"6":1,"7":1,"8":1,"9":0},"f":{"0":1,"1":1,"2":0},"b":{},"_coverageSchema":"1a1c01bbd47fc00a2c39e90264f33305004495a9","hash":"fe2c87ba04e857fc49ea681c83b2fb11fe1fcd58"}
,"/Users/shantaliahfilipo/devacademy/workspace/group-projects/FoodSpy/server/db/migrations/20220921043933_items.js": {"path":"/Users/shantaliahfilipo/devacademy/workspace/group-projects/FoodSpy/server/db/migrations/20220921043933_items.js","statementMap":{"0":{"start":{"line":5,"column":0},"end":{"line":12,"column":1}},"1":{"start":{"line":6,"column":2},"end":{"line":11,"column":4}},"2":{"start":{"line":7,"column":4},"end":{"line":7,"column":36}},"3":{"start":{"line":8,"column":4},"end":{"line":8,"column":24}},"4":{"start":{"line":9,"column":4},"end":{"line":9,"column":31}},"5":{"start":{"line":10,"column":4},"end":{"line":10,"column":29}},"6":{"start":{"line":18,"column":0},"end":{"line":20,"column":1}},"7":{"start":{"line":19,"column":2},"end":{"line":19,"column":39}}},"fnMap":{"0":{"name":"(anonymous_0)","decl":{"start":{"line":5,"column":13},"end":{"line":5,"column":14}},"loc":{"start":{"line":5,"column":29},"end":{"line":12,"column":1}},"line":5},"1":{"name":"(anonymous_1)","decl":{"start":{"line":6,"column":42},"end":{"line":6,"column":43}},"loc":{"start":{"line":6,"column":53},"end":{"line":11,"column":3}},"line":6},"2":{"name":"(anonymous_2)","decl":{"start":{"line":18,"column":15},"end":{"line":18,"column":16}},"loc":{"start":{"line":18,"column":31},"end":{"line":20,"column":1}},"line":18}},"branchMap":{},"s":{"0":1,"1":1,"2":1,"3":1,"4":1,"5":1,"6":1,"7":0},"f":{"0":1,"1":1,"2":0},"b":{},"_coverageSchema":"1a1c01bbd47fc00a2c39e90264f33305004495a9","hash":"c24a32b203f622bd0bc04e91d65d205958630637"}
,"/Users/shantaliahfilipo/devacademy/workspace/group-projects/FoodSpy/server/db/migrations/20220921044823_itemPrices.js": {"path":"/Users/shantaliahfilipo/devacademy/workspace/group-projects/FoodSpy/server/db/migrations/20220921044823_itemPrices.js","statementMap":{"0":{"start":{"line":5,"column":0},"end":{"line":13,"column":1}},"1":{"start":{"line":6,"column":2},"end":{"line":12,"column":4}},"2":{"start":{"line":7,"column":4},"end":{"line":7,"column":26}},"3":{"start":{"line":8,"column":4},"end":{"line":8,"column":29}},"4":{"start":{"line":9,"column":4},"end":{"line":9,"column":28}},"5":{"start":{"line":10,"column":4},"end":{"line":10,"column":26}},"6":{"start":{"line":11,"column":4},"end":{"line":11,"column":57}},"7":{"start":{"line":19,"column":0},"end":{"line":21,"column":1}},"8":{"start":{"line":20,"column":2},"end":{"line":20,"column":44}}},"fnMap":{"0":{"name":"(anonymous_0)","decl":{"start":{"line":5,"column":13},"end":{"line":5,"column":14}},"loc":{"start":{"line":5,"column":29},"end":{"line":13,"column":1}},"line":5},"1":{"name":"(anonymous_1)","decl":{"start":{"line":6,"column":47},"end":{"line":6,"column":48}},"loc":{"start":{"line":6,"column":58},"end":{"line":12,"column":3}},"line":6},"2":{"name":"(anonymous_2)","decl":{"start":{"line":19,"column":15},"end":{"line":19,"column":16}},"loc":{"start":{"line":19,"column":31},"end":{"line":21,"column":1}},"line":19}},"branchMap":{},"s":{"0":1,"1":1,"2":1,"3":1,"4":1,"5":1,"6":1,"7":1,"8":0},"f":{"0":1,"1":1,"2":0},"b":{},"_coverageSchema":"1a1c01bbd47fc00a2c39e90264f33305004495a9","hash":"c3d719b92ab52110e0a8984c4b84446c29bddf41"}
,"/Users/shantaliahfilipo/devacademy/workspace/group-projects/FoodSpy/server/db/seeds/itemPrices.js": {"path":"/Users/shantaliahfilipo/devacademy/workspace/group-projects/FoodSpy/server/db/seeds/itemPrices.js","statementMap":{"0":{"start":{"line":5,"column":0},"end":{"line":21,"column":1}},"1":{"start":{"line":7,"column":2},"end":{"line":7,"column":32}},"2":{"start":{"line":8,"column":2},"end":{"line":20,"column":4}}},"fnMap":{"0":{"name":"(anonymous_0)","decl":{"start":{"line":5,"column":15},"end":{"line":5,"column":16}},"loc":{"start":{"line":5,"column":37},"end":{"line":21,"column":1}},"line":5}},"branchMap":{},"s":{"0":1,"1":1,"2":1},"f":{"0":1},"b":{},"_coverageSchema":"1a1c01bbd47fc00a2c39e90264f33305004495a9","hash":"6337d69f6aa86ea8db19b45896c62798877e12c1"}
,"/Users/shantaliahfilipo/devacademy/workspace/group-projects/FoodSpy/server/db/seeds/items.js": {"path":"/Users/shantaliahfilipo/devacademy/workspace/group-projects/FoodSpy/server/db/seeds/items.js","statementMap":{"0":{"start":{"line":5,"column":0},"end":{"line":28,"column":1}},"1":{"start":{"line":7,"column":2},"end":{"line":7,"column":27}},"2":{"start":{"line":8,"column":2},"end":{"line":27,"column":4}}},"fnMap":{"0":{"name":"(anonymous_0)","decl":{"start":{"line":5,"column":15},"end":{"line":5,"column":16}},"loc":{"start":{"line":5,"column":37},"end":{"line":28,"column":1}},"line":5}},"branchMap":{},"s":{"0":1,"1":1,"2":1},"f":{"0":1},"b":{},"_coverageSchema":"1a1c01bbd47fc00a2c39e90264f33305004495a9","hash":"5733181a9874682ddb109ea34c10875badf769e4"}
,"/Users/shantaliahfilipo/devacademy/workspace/group-projects/FoodSpy/server/db/seeds/stores.js": {"path":"/Users/shantaliahfilipo/devacademy/workspace/group-projects/FoodSpy/server/db/seeds/stores.js","statementMap":{"0":{"start":{"line":5,"column":0},"end":{"line":37,"column":1}},"1":{"start":{"line":7,"column":2},"end":{"line":7,"column":28}},"2":{"start":{"line":8,"column":2},"end":{"line":36,"column":4}}},"fnMap":{"0":{"name":"(anonymous_0)","decl":{"start":{"line":5,"column":15},"end":{"line":5,"column":16}},"loc":{"start":{"line":5,"column":37},"end":{"line":37,"column":1}},"line":5}},"branchMap":{},"s":{"0":1,"1":1,"2":1},"f":{"0":1},"b":{},"_coverageSchema":"1a1c01bbd47fc00a2c39e90264f33305004495a9","hash":"13ba86a7c261ac72c5923c3ea64dc8e6b927af19"}
,"/Users/shantaliahfilipo/devacademy/workspace/group-projects/FoodSpy/server/routes/home.js": {"path":"/Users/shantaliahfilipo/devacademy/workspace/group-projects/FoodSpy/server/routes/home.js","statementMap":{"0":{"start":{"line":1,"column":16},"end":{"line":1,"column":34}},"1":{"start":{"line":3,"column":27},"end":{"line":3,"column":48}},"2":{"start":{"line":5,"column":15},"end":{"line":5,"column":31}},"3":{"start":{"line":7,"column":0},"end":{"line":16,"column":2}},"4":{"start":{"line":8,"column":2},"end":{"line":15,"column":6}},"5":{"start":{"line":10,"column":6},"end":{"line":10,"column":23}},"6":{"start":{"line":13,"column":6},"end":{"line":13,"column":22}},"7":{"start":{"line":14,"column":6},"end":{"line":14,"column":63}},"8":{"start":{"line":18,"column":0},"end":{"line":18,"column":23}}},"fnMap":{"0":{"name":"(anonymous_0)","decl":{"start":{"line":7,"column":16},"end":{"line":7,"column":17}},"loc":{"start":{"line":7,"column":30},"end":{"line":16,"column":1}},"line":7},"1":{"name":"(anonymous_1)","decl":{"start":{"line":9,"column":10},"end":{"line":9,"column":11}},"loc":{"start":{"line":9,"column":23},"end":{"line":11,"column":5}},"line":9},"2":{"name":"(anonymous_2)","decl":{"start":{"line":12,"column":11},"end":{"line":12,"column":12}},"loc":{"start":{"line":12,"column":20},"end":{"line":15,"column":5}},"line":12}},"branchMap":{},"s":{"0":1,"1":1,"2":1,"3":1,"4":0,"5":0,"6":0,"7":0,"8":1},"f":{"0":0,"1":0,"2":0},"b":{},"_coverageSchema":"1a1c01bbd47fc00a2c39e90264f33305004495a9","hash":"d40f7178a9f15460085f1a903cc9e52150261193"}
,"/Users/shantaliahfilipo/devacademy/workspace/group-projects/FoodSpy/server/routes/item.js": {"path":"/Users/shantaliahfilipo/devacademy/workspace/group-projects/FoodSpy/server/routes/item.js","statementMap":{"0":{"start":{"line":1,"column":16},"end":{"line":1,"column":34}},"1":{"start":{"line":2,"column":11},"end":{"line":2,"column":32}},"2":{"start":{"line":3,"column":15},"end":{"line":3,"column":31}},"3":{"start":{"line":6,"column":0},"end":{"line":15,"column":2}},"4":{"start":{"line":7,"column":2},"end":{"line":14,"column":6}},"5":{"start":{"line":9,"column":6},"end":{"line":9,"column":23}},"6":{"start":{"line":12,"column":6},"end":{"line":12,"column":32}},"7":{"start":{"line":13,"column":6},"end":{"line":13,"column":42}},"8":{"start":{"line":18,"column":0},"end":{"line":27,"column":2}},"9":{"start":{"line":19,"column":2},"end":{"line":26,"column":6}},"10":{"start":{"line":21,"column":6},"end":{"line":21,"column":20}},"11":{"start":{"line":24,"column":6},"end":{"line":24,"column":32}},"12":{"start":{"line":25,"column":6},"end":{"line":25,"column":42}},"13":{"start":{"line":29,"column":0},"end":{"line":40,"column":2}},"14":{"start":{"line":30,"column":16},"end":{"line":30,"column":30}},"15":{"start":{"line":32,"column":2},"end":{"line":39,"column":6}},"16":{"start":{"line":34,"column":6},"end":{"line":34,"column":25}},"17":{"start":{"line":37,"column":6},"end":{"line":37,"column":32}},"18":{"start":{"line":38,"column":6},"end":{"line":38,"column":42}},"19":{"start":{"line":42,"column":0},"end":{"line":42,"column":23}}},"fnMap":{"0":{"name":"(anonymous_0)","decl":{"start":{"line":6,"column":16},"end":{"line":6,"column":17}},"loc":{"start":{"line":6,"column":30},"end":{"line":15,"column":1}},"line":6},"1":{"name":"(anonymous_1)","decl":{"start":{"line":8,"column":10},"end":{"line":8,"column":11}},"loc":{"start":{"line":8,"column":23},"end":{"line":10,"column":5}},"line":8},"2":{"name":"(anonymous_2)","decl":{"start":{"line":11,"column":11},"end":{"line":11,"column":12}},"loc":{"start":{"line":11,"column":20},"end":{"line":14,"column":5}},"line":11},"3":{"name":"(anonymous_3)","decl":{"start":{"line":18,"column":19},"end":{"line":18,"column":20}},"loc":{"start":{"line":18,"column":33},"end":{"line":27,"column":1}},"line":18},"4":{"name":"(anonymous_4)","decl":{"start":{"line":20,"column":10},"end":{"line":20,"column":11}},"loc":{"start":{"line":20,"column":20},"end":{"line":22,"column":5}},"line":20},"5":{"name":"(anonymous_5)","decl":{"start":{"line":23,"column":11},"end":{"line":23,"column":12}},"loc":{"start":{"line":23,"column":20},"end":{"line":26,"column":5}},"line":23},"6":{"name":"(anonymous_6)","decl":{"start":{"line":29,"column":20},"end":{"line":29,"column":21}},"loc":{"start":{"line":29,"column":34},"end":{"line":40,"column":1}},"line":29},"7":{"name":"(anonymous_7)","decl":{"start":{"line":33,"column":10},"end":{"line":33,"column":11}},"loc":{"start":{"line":33,"column":16},"end":{"line":35,"column":5}},"line":33},"8":{"name":"(anonymous_8)","decl":{"start":{"line":36,"column":11},"end":{"line":36,"column":12}},"loc":{"start":{"line":36,"column":20},"end":{"line":39,"column":5}},"line":36}},"branchMap":{},"s":{"0":1,"1":1,"2":1,"3":1,"4":3,"5":1,"6":2,"7":2,"8":1,"9":1,"10":1,"11":0,"12":0,"13":1,"14":1,"15":1,"16":1,"17":0,"18":0,"19":1},"f":{"0":3,"1":1,"2":2,"3":1,"4":1,"5":0,"6":1,"7":1,"8":0},"b":{},"_coverageSchema":"1a1c01bbd47fc00a2c39e90264f33305004495a9","hash":"586295a4821dcd2973e6ea1631db17234317ff2b"}
,"/Users/shantaliahfilipo/devacademy/workspace/group-projects/FoodSpy/server/routes/itemData.js": {"path":"/Users/shantaliahfilipo/devacademy/workspace/group-projects/FoodSpy/server/routes/itemData.js","statementMap":{"0":{"start":{"line":1,"column":16},"end":{"line":1,"column":34}},"1":{"start":{"line":2,"column":11},"end":{"line":2,"column":36}},"2":{"start":{"line":3,"column":15},"end":{"line":3,"column":31}},"3":{"start":{"line":6,"column":0},"end":{"line":15,"column":2}},"4":{"start":{"line":7,"column":2},"end":{"line":14,"column":6}},"5":{"start":{"line":9,"column":6},"end":{"line":9,"column":20}},"6":{"start":{"line":12,"column":6},"end":{"line":12,"column":32}},"7":{"start":{"line":13,"column":6},"end":{"line":13,"column":42}},"8":{"start":{"line":17,"column":0},"end":{"line":17,"column":23}}},"fnMap":{"0":{"name":"(anonymous_0)","decl":{"start":{"line":6,"column":19},"end":{"line":6,"column":20}},"loc":{"start":{"line":6,"column":33},"end":{"line":15,"column":1}},"line":6},"1":{"name":"(anonymous_1)","decl":{"start":{"line":8,"column":10},"end":{"line":8,"column":11}},"loc":{"start":{"line":8,"column":20},"end":{"line":10,"column":5}},"line":8},"2":{"name":"(anonymous_2)","decl":{"start":{"line":11,"column":11},"end":{"line":11,"column":12}},"loc":{"start":{"line":11,"column":20},"end":{"line":14,"column":5}},"line":11}},"branchMap":{},"s":{"0":1,"1":1,"2":1,"3":1,"4":0,"5":0,"6":0,"7":0,"8":1},"f":{"0":0,"1":0,"2":0},"b":{},"_coverageSchema":"1a1c01bbd47fc00a2c39e90264f33305004495a9","hash":"b308f49f75ca474a9ec17b48d1f9f3ccc09fbac8"}
,"/Users/shantaliahfilipo/devacademy/workspace/group-projects/FoodSpy/server/routes/list.js": {"path":"/Users/shantaliahfilipo/devacademy/workspace/group-projects/FoodSpy/server/routes/list.js","statementMap":{"0":{"start":{"line":1,"column":16},"end":{"line":1,"column":34}},"1":{"start":{"line":3,"column":11},"end":{"line":3,"column":32}},"2":{"start":{"line":5,"column":15},"end":{"line":5,"column":31}},"3":{"start":{"line":7,"column":0},"end":{"line":13,"column":2}},"4":{"start":{"line":8,"column":2},"end":{"line":12,"column":75}},"5":{"start":{"line":10,"column":6},"end":{"line":10,"column":23}},"6":{"start":{"line":12,"column":17},"end":{"line":12,"column":74}},"7":{"start":{"line":15,"column":0},"end":{"line":15,"column":23}}},"fnMap":{"0":{"name":"(anonymous_0)","decl":{"start":{"line":7,"column":16},"end":{"line":7,"column":17}},"loc":{"start":{"line":7,"column":30},"end":{"line":13,"column":1}},"line":7},"1":{"name":"(anonymous_1)","decl":{"start":{"line":9,"column":10},"end":{"line":9,"column":11}},"loc":{"start":{"line":9,"column":23},"end":{"line":11,"column":5}},"line":9},"2":{"name":"(anonymous_2)","decl":{"start":{"line":12,"column":11},"end":{"line":12,"column":12}},"loc":{"start":{"line":12,"column":17},"end":{"line":12,"column":74}},"line":12}},"branchMap":{},"s":{"0":1,"1":1,"2":1,"3":1,"4":0,"5":0,"6":0,"7":1},"f":{"0":0,"1":0,"2":0},"b":{},"_coverageSchema":"1a1c01bbd47fc00a2c39e90264f33305004495a9","hash":"455c27cc43206c8ed10373b46a62d08a4fb946c1"}
,"/Users/shantaliahfilipo/devacademy/workspace/group-projects/FoodSpy/server/routes/price.js": {"path":"/Users/shantaliahfilipo/devacademy/workspace/group-projects/FoodSpy/server/routes/price.js","statementMap":{"0":{"start":{"line":1,"column":16},"end":{"line":1,"column":34}},"1":{"start":{"line":3,"column":11},"end":{"line":3,"column":33}},"2":{"start":{"line":5,"column":15},"end":{"line":5,"column":31}},"3":{"start":{"line":7,"column":0},"end":{"line":14,"column":2}},"4":{"start":{"line":8,"column":13},"end":{"line":8,"column":25}},"5":{"start":{"line":9,"column":2},"end":{"line":13,"column":75}},"6":{"start":{"line":11,"column":6},"end":{"line":11,"column":23}},"7":{"start":{"line":13,"column":17},"end":{"line":13,"column":74}},"8":{"start":{"line":16,"column":0},"end":{"line":16,"column":23}}},"fnMap":{"0":{"name":"(anonymous_0)","decl":{"start":{"line":7,"column":16},"end":{"line":7,"column":17}},"loc":{"start":{"line":7,"column":30},"end":{"line":14,"column":1}},"line":7},"1":{"name":"(anonymous_1)","decl":{"start":{"line":10,"column":10},"end":{"line":10,"column":11}},"loc":{"start":{"line":10,"column":23},"end":{"line":12,"column":5}},"line":10},"2":{"name":"(anonymous_2)","decl":{"start":{"line":13,"column":11},"end":{"line":13,"column":12}},"loc":{"start":{"line":13,"column":17},"end":{"line":13,"column":74}},"line":13}},"branchMap":{},"s":{"0":1,"1":1,"2":1,"3":1,"4":0,"5":0,"6":0,"7":0,"8":1},"f":{"0":0,"1":0,"2":0},"b":{},"_coverageSchema":"1a1c01bbd47fc00a2c39e90264f33305004495a9","hash":"47bf7100d4f8ee061003086faf9e156f5ffccbf0"}
}
