TN:
SF:server/server.js
FN:21,(anonymous_0)
FNF:1
FNH:0
FNDA:0,(anonymous_0)
DA:1,1
DA:2,1
DA:4,1
DA:5,1
DA:6,1
DA:7,1
DA:8,1
DA:10,1
DA:12,1
DA:13,1
DA:15,1
DA:16,1
DA:17,1
DA:18,1
DA:19,1
DA:21,1
DA:22,0
DA:25,1
LF:18
LH:17
BRF:0
BRH:0
end_of_record
TN:
SF:server/db/connection.js
FNF:0
FNH:0
DA:1,1
DA:2,1
DA:3,1
DA:4,1
DA:6,1
LF:5
LH:5
BRDA:3,0,0,1
BRDA:3,0,1,0
BRF:2
BRH:1
end_of_record
TN:
SF:server/db/home.js
FN:3,getHomeContent
FNF:1
FNH:0
FNDA:0,getHomeContent
DA:1,1
DA:4,0
DA:7,1
LF:3
LH:2
BRDA:3,0,0,0
BRF:1
BRH:0
end_of_record
TN:
SF:server/db/item.js
FN:11,getItems
FN:15,getItem
FN:19,updatePrice
FNF:3
FNH:1
FNDA:1,getItems
FNDA:0,getItem
FNDA:0,updatePrice
DA:2,2
DA:3,2
DA:5,2
DA:12,1
DA:16,0
DA:20,0
LF:6
LH:4
BRDA:11,0,0,0
BRDA:15,1,0,0
BRDA:19,2,0,0
BRF:3
BRH:0
end_of_record
TN:
SF:server/db/itemData.js
FN:9,getItemData
FNF:1
FNH:0
FNDA:0,getItemData
DA:2,1
DA:3,1
DA:5,1
DA:10,0
LF:4
LH:3
BRDA:9,0,0,0
BRF:1
BRH:0
end_of_record
TN:
SF:server/db/knexfile.js
FNF:0
FNH:0
DA:1,3
DA:3,3
LF:2
LH:2
BRF:0
BRH:0
end_of_record
TN:
SF:server/db/list.js
FN:3,getItems
FNF:1
FNH:0
FNDA:0,getItems
DA:1,1
DA:4,0
DA:7,1
LF:3
LH:2
BRDA:3,0,0,0
BRF:1
BRH:0
end_of_record
TN:
SF:server/db/price.js
FN:3,getDataByItemId
FNF:1
FNH:0
FNDA:0,getDataByItemId
DA:1,1
DA:4,0
DA:11,1
LF:3
LH:2
BRDA:3,0,0,0
BRF:1
BRH:0
end_of_record
TN:
SF:server/db/migrations/20220921042339_stores.js
FN:5,(anonymous_0)
FN:6,(anonymous_1)
FN:20,(anonymous_2)
FNF:3
FNH:2
FNDA:1,(anonymous_0)
FNDA:1,(anonymous_1)
FNDA:0,(anonymous_2)
DA:5,1
DA:6,1
DA:7,1
DA:8,1
DA:9,1
DA:10,1
DA:11,1
DA:12,1
DA:20,1
DA:21,0
LF:10
LH:9
BRF:0
BRH:0
end_of_record
TN:
SF:server/db/migrations/20220921043933_items.js
FN:5,(anonymous_0)
FN:6,(anonymous_1)
FN:18,(anonymous_2)
FNF:3
FNH:2
FNDA:1,(anonymous_0)
FNDA:1,(anonymous_1)
FNDA:0,(anonymous_2)
DA:5,1
DA:6,1
DA:7,1
DA:8,1
DA:9,1
DA:10,1
DA:18,1
DA:19,0
LF:8
LH:7
BRF:0
BRH:0
end_of_record
TN:
SF:server/db/migrations/20220921044823_itemPrices.js
FN:5,(anonymous_0)
FN:6,(anonymous_1)
FN:19,(anonymous_2)
FNF:3
FNH:2
FNDA:1,(anonymous_0)
FNDA:1,(anonymous_1)
FNDA:0,(anonymous_2)
DA:5,1
DA:6,1
DA:7,1
DA:8,1
DA:9,1
DA:10,1
DA:11,1
DA:19,1
DA:20,0
LF:9
LH:8
BRF:0
BRH:0
end_of_record
TN:
SF:server/db/seeds/itemPrices.js
FN:5,(anonymous_0)
FNF:1
FNH:1
FNDA:1,(anonymous_0)
DA:5,1
DA:7,1
DA:8,1
LF:3
LH:3
BRF:0
BRH:0
end_of_record
TN:
SF:server/db/seeds/items.js
FN:5,(anonymous_0)
FNF:1
FNH:1
FNDA:1,(anonymous_0)
DA:5,1
DA:7,1
DA:8,1
LF:3
LH:3
BRF:0
BRH:0
end_of_record
TN:
SF:server/db/seeds/stores.js
FN:5,(anonymous_0)
FNF:1
FNH:1
FNDA:1,(anonymous_0)
DA:5,1
DA:7,1
DA:8,1
LF:3
LH:3
BRF:0
BRH:0
end_of_record
TN:
SF:server/routes/home.js
FN:7,(anonymous_0)
FN:9,(anonymous_1)
FN:12,(anonymous_2)
FNF:3
FNH:0
FNDA:0,(anonymous_0)
FNDA:0,(anonymous_1)
FNDA:0,(anonymous_2)
DA:1,1
DA:3,1
DA:5,1
DA:7,1
DA:8,0
DA:10,0
DA:13,0
DA:14,0
DA:18,1
LF:9
LH:5
BRF:0
BRH:0
end_of_record
TN:
SF:server/routes/item.js
FN:6,(anonymous_0)
FN:8,(anonymous_1)
FN:11,(anonymous_2)
FN:18,(anonymous_3)
FN:20,(anonymous_4)
FN:23,(anonymous_5)
FN:29,(anonymous_6)
FN:33,(anonymous_7)
FN:36,(anonymous_8)
FNF:9
FNH:7
FNDA:3,(anonymous_0)
FNDA:1,(anonymous_1)
FNDA:2,(anonymous_2)
FNDA:1,(anonymous_3)
FNDA:1,(anonymous_4)
FNDA:0,(anonymous_5)
FNDA:1,(anonymous_6)
FNDA:1,(anonymous_7)
FNDA:0,(anonymous_8)
DA:1,1
DA:2,1
DA:3,1
DA:6,1
DA:7,3
DA:9,1
DA:12,2
DA:13,2
DA:18,1
DA:19,1
DA:21,1
DA:24,0
DA:25,0
DA:29,1
DA:30,1
DA:32,1
DA:34,1
DA:37,0
DA:38,0
DA:42,1
LF:20
LH:16
BRF:0
BRH:0
end_of_record
TN:
SF:server/routes/itemData.js
FN:6,(anonymous_0)
FN:8,(anonymous_1)
FN:11,(anonymous_2)
FNF:3
FNH:0
FNDA:0,(anonymous_0)
FNDA:0,(anonymous_1)
FNDA:0,(anonymous_2)
DA:1,1
DA:2,1
DA:3,1
DA:6,1
DA:7,0
DA:9,0
DA:12,0
DA:13,0
DA:17,1
LF:9
LH:5
BRF:0
BRH:0
end_of_record
TN:
SF:server/routes/list.js
FN:7,(anonymous_0)
FN:9,(anonymous_1)
FN:12,(anonymous_2)
FNF:3
FNH:0
FNDA:0,(anonymous_0)
FNDA:0,(anonymous_1)
FNDA:0,(anonymous_2)
DA:1,1
DA:3,1
DA:5,1
DA:7,1
DA:8,0
DA:10,0
DA:12,0
DA:15,1
LF:8
LH:5
BRF:0
BRH:0
end_of_record
TN:
SF:server/routes/price.js
FN:7,(anonymous_0)
FN:10,(anonymous_1)
FN:13,(anonymous_2)
FNF:3
FNH:0
FNDA:0,(anonymous_0)
FNDA:0,(anonymous_1)
FNDA:0,(anonymous_2)
DA:1,1
DA:3,1
DA:5,1
DA:7,1
DA:8,0
DA:9,0
DA:11,0
DA:13,0
DA:16,1
LF:9
LH:5
BRF:0
BRH:0
end_of_record
